<?xml version="1.0" encoding="UTF-8"?>
<!-- Generated by org.testng.reporters.JUnitXMLReporter -->
<testsuite ignored="0" hostname="Mds-MacBook-Pro.T-mobile.com" failures="0" tests="8" name="DemoTest" time="0.027" errors="0" timestamp="2023-01-02T12:47:44 PST">
  <testcase classname="Params" name="DemoTest" time="0.006"/>
  <testcase classname="TestCases" name="fifth" time="0.001"/>
  <testcase classname="TestCases" name="forth" time="0.0"/>
  <testcase classname="TestCases" name="second" time="0.0"/>
  <testcase classname="TestCases" name="first" time="0.0"/>
  <testcase classname="TestCases" name="third" time="0.0"/>
  <testcase classname="ParallelDemo" name="Demo" time="0.001"/>
  <testcase classname="ParallelDemo" name="Demo1" time="0.0"/>
</testsuite> <!-- DemoTest -->
